mode: atomic
github.com/nomdb/backend/internal/middleware/compression.go:15.58,17.2 1 0
github.com/nomdb/backend/internal/middleware/compression.go:20.60,21.71 1 0
github.com/nomdb/backend/internal/middleware/compression.go:21.71,23.65 1 0
github.com/nomdb/backend/internal/middleware/compression.go:23.65,26.4 2 0
github.com/nomdb/backend/internal/middleware/compression.go:29.3,33.56 2 0
github.com/nomdb/backend/internal/middleware/compression.go:33.56,36.4 2 0
github.com/nomdb/backend/internal/middleware/compression.go:39.3,48.25 6 0
github.com/nomdb/backend/internal/middleware/logging.go:19.49,22.2 2 4
github.com/nomdb/backend/internal/middleware/logging.go:24.56,28.2 3 6
github.com/nomdb/backend/internal/middleware/logging.go:31.58,32.71 1 5
github.com/nomdb/backend/internal/middleware/logging.go:32.71,35.22 2 5
github.com/nomdb/backend/internal/middleware/logging.go:35.22,38.4 1 4
github.com/nomdb/backend/internal/middleware/logging.go:41.3,47.40 3 5
github.com/nomdb/backend/internal/middleware/logging.go:51.56,52.71 1 4
github.com/nomdb/backend/internal/middleware/logging.go:52.71,54.74 1 4
github.com/nomdb/backend/internal/middleware/logging.go:54.74,57.4 2 1
github.com/nomdb/backend/internal/middleware/logging.go:59.3,63.68 3 3
github.com/nomdb/backend/internal/middleware/logging.go:63.68,65.4 1 3
github.com/nomdb/backend/internal/middleware/logging.go:68.3,76.68 3 3
github.com/nomdb/backend/internal/middleware/logging.go:76.68,78.4 1 1
github.com/nomdb/backend/internal/middleware/logging.go:81.3,101.4 5 3
github.com/nomdb/backend/internal/middleware/logging.go:105.44,106.9 1 16
github.com/nomdb/backend/internal/middleware/logging.go:107.25,108.16 1 3
github.com/nomdb/backend/internal/middleware/logging.go:109.25,110.19 1 4
github.com/nomdb/backend/internal/middleware/logging.go:111.25,112.19 1 4
github.com/nomdb/backend/internal/middleware/logging.go:113.25,114.15 1 3
github.com/nomdb/backend/internal/middleware/logging.go:115.10,116.19 1 2
github.com/nomdb/backend/internal/middleware/metrics.go:29.28,30.17 1 5
github.com/nomdb/backend/internal/middleware/metrics.go:30.17,41.3 2 1
github.com/nomdb/backend/internal/middleware/metrics.go:42.2,42.19 1 5
github.com/nomdb/backend/internal/middleware/metrics.go:46.90,51.19 2 1769
github.com/nomdb/backend/internal/middleware/metrics.go:51.19,53.3 1 3
github.com/nomdb/backend/internal/middleware/metrics.go:56.2,57.39 2 1769
github.com/nomdb/backend/internal/middleware/metrics.go:57.39,60.3 2 17
github.com/nomdb/backend/internal/middleware/metrics.go:61.2,64.33 2 1769
github.com/nomdb/backend/internal/middleware/metrics.go:64.33,65.36 1 1719
github.com/nomdb/backend/internal/middleware/metrics.go:65.36,68.4 2 115
github.com/nomdb/backend/internal/middleware/metrics.go:69.3,69.46 1 1719
github.com/nomdb/backend/internal/middleware/metrics.go:73.2,73.39 1 1769
github.com/nomdb/backend/internal/middleware/metrics.go:73.39,76.3 2 17
github.com/nomdb/backend/internal/middleware/metrics.go:77.2,80.33 2 1769
github.com/nomdb/backend/internal/middleware/metrics.go:80.33,82.3 1 1269
github.com/nomdb/backend/internal/middleware/metrics.go:83.2,83.15 1 1769
github.com/nomdb/backend/internal/middleware/metrics.go:87.53,93.30 4 1
github.com/nomdb/backend/internal/middleware/metrics.go:93.30,95.37 2 1
github.com/nomdb/backend/internal/middleware/metrics.go:95.37,97.4 1 4
github.com/nomdb/backend/internal/middleware/metrics.go:98.3,98.60 1 1
github.com/nomdb/backend/internal/middleware/metrics.go:102.2,106.39 3 1
github.com/nomdb/backend/internal/middleware/metrics.go:106.39,108.3 1 3
github.com/nomdb/backend/internal/middleware/metrics.go:110.2,111.37 2 1
github.com/nomdb/backend/internal/middleware/metrics.go:111.37,113.3 1 3
github.com/nomdb/backend/internal/middleware/metrics.go:115.2,116.39 2 1
github.com/nomdb/backend/internal/middleware/metrics.go:116.39,118.3 1 3
github.com/nomdb/backend/internal/middleware/metrics.go:120.2,131.3 1 1
github.com/nomdb/backend/internal/middleware/metrics.go:135.72,136.31 1 3
github.com/nomdb/backend/internal/middleware/metrics.go:136.31,138.3 1 1
github.com/nomdb/backend/internal/middleware/metrics.go:141.2,145.35 3 2
github.com/nomdb/backend/internal/middleware/metrics.go:145.35,146.40 1 104
github.com/nomdb/backend/internal/middleware/metrics.go:146.40,147.29 1 4956
github.com/nomdb/backend/internal/middleware/metrics.go:147.29,149.5 1 1
github.com/nomdb/backend/internal/middleware/metrics.go:153.2,157.28 4 2
github.com/nomdb/backend/internal/middleware/metrics.go:157.28,159.3 1 2
github.com/nomdb/backend/internal/middleware/metrics.go:160.2,160.28 1 2
github.com/nomdb/backend/internal/middleware/metrics.go:160.28,162.3 1 2
github.com/nomdb/backend/internal/middleware/metrics.go:163.2,163.28 1 2
github.com/nomdb/backend/internal/middleware/metrics.go:163.28,165.3 1 2
github.com/nomdb/backend/internal/middleware/metrics.go:167.2,167.8 1 2
github.com/nomdb/backend/internal/middleware/metrics.go:171.59,175.21 3 1
github.com/nomdb/backend/internal/middleware/metrics.go:175.21,178.3 2 0
github.com/nomdb/backend/internal/middleware/metrics.go:182.27,193.2 9 1
github.com/nomdb/backend/internal/middleware/ratelimit.go:22.59,29.2 1 0
github.com/nomdb/backend/internal/middleware/ratelimit.go:32.61,37.13 4 0
github.com/nomdb/backend/internal/middleware/ratelimit.go:37.13,40.3 2 0
github.com/nomdb/backend/internal/middleware/ratelimit.go:42.2,42.16 1 0
github.com/nomdb/backend/internal/middleware/ratelimit.go:46.47,53.2 3 0
github.com/nomdb/backend/internal/middleware/ratelimit.go:57.82,58.46 1 0
github.com/nomdb/backend/internal/middleware/ratelimit.go:58.46,59.72 1 0
github.com/nomdb/backend/internal/middleware/ratelimit.go:59.72,67.26 3 0
github.com/nomdb/backend/internal/middleware/ratelimit.go:67.26,70.5 2 0
github.com/nomdb/backend/internal/middleware/ratelimit.go:72.4,72.24 1 0
github.com/nomdb/backend/internal/middleware/ratelimit.go:78.43,81.21 2 0
github.com/nomdb/backend/internal/middleware/ratelimit.go:81.21,84.3 1 0
github.com/nomdb/backend/internal/middleware/ratelimit.go:87.2,88.18 2 0
github.com/nomdb/backend/internal/middleware/ratelimit.go:88.18,90.3 1 0
github.com/nomdb/backend/internal/middleware/ratelimit.go:93.2,93.21 1 0
github.com/nomdb/backend/internal/middleware/ratelimit.go:97.66,99.12 2 0
github.com/nomdb/backend/internal/middleware/ratelimit.go:99.12,100.22 1 0
github.com/nomdb/backend/internal/middleware/ratelimit.go:100.22,102.4 1 0
github.com/nomdb/backend/internal/middleware/security.go:13.64,14.71 1 0
github.com/nomdb/backend/internal/middleware/security.go:14.71,44.3 8 0
github.com/nomdb/backend/internal/middleware/security.go:48.73,49.46 1 0
github.com/nomdb/backend/internal/middleware/security.go:49.46,50.72 1 0
github.com/nomdb/backend/internal/middleware/security.go:50.72,55.4 2 0
github.com/nomdb/backend/internal/middleware/security.go:60.68,61.71 1 0
github.com/nomdb/backend/internal/middleware/security.go:61.71,63.71 1 0
github.com/nomdb/backend/internal/middleware/security.go:63.71,66.4 2 0
github.com/nomdb/backend/internal/middleware/security.go:69.3,69.68 1 0
github.com/nomdb/backend/internal/middleware/security.go:69.68,71.62 2 0
github.com/nomdb/backend/internal/middleware/security.go:71.62,74.5 2 0
github.com/nomdb/backend/internal/middleware/security.go:75.4,76.10 2 0
github.com/nomdb/backend/internal/middleware/security.go:80.3,80.69 1 0
github.com/nomdb/backend/internal/middleware/security.go:80.69,82.79 2 0
github.com/nomdb/backend/internal/middleware/security.go:82.79,85.5 2 0
github.com/nomdb/backend/internal/middleware/security.go:88.3,88.23 1 0
github.com/nomdb/backend/internal/middleware/security.go:93.62,94.71 1 0
github.com/nomdb/backend/internal/middleware/security.go:94.71,97.34 2 0
github.com/nomdb/backend/internal/middleware/security.go:97.34,98.33 1 0
github.com/nomdb/backend/internal/middleware/security.go:98.33,101.5 1 0
github.com/nomdb/backend/internal/middleware/security.go:103.3,105.23 2 0
github.com/nomdb/backend/internal/middleware/security.go:110.57,111.71 1 0
github.com/nomdb/backend/internal/middleware/security.go:111.71,112.16 1 0
github.com/nomdb/backend/internal/middleware/security.go:112.16,113.36 1 0
github.com/nomdb/backend/internal/middleware/security.go:113.36,119.5 2 0
github.com/nomdb/backend/internal/middleware/security.go:122.3,122.23 1 0
github.com/nomdb/backend/internal/handlers/categories.go:23.60,26.16 2 0
github.com/nomdb/backend/internal/handlers/categories.go:26.16,29.3 2 0
github.com/nomdb/backend/internal/handlers/categories.go:30.2,33.18 3 0
github.com/nomdb/backend/internal/handlers/categories.go:33.18,35.79 2 0
github.com/nomdb/backend/internal/handlers/categories.go:35.79,38.4 2 0
github.com/nomdb/backend/internal/handlers/categories.go:39.3,39.37 1 0
github.com/nomdb/backend/internal/handlers/categories.go:42.2,43.39 2 0
github.com/nomdb/backend/internal/handlers/categories.go:57.58,60.16 3 0
github.com/nomdb/backend/internal/handlers/categories.go:60.16,63.3 2 0
github.com/nomdb/backend/internal/handlers/categories.go:65.2,69.16 3 0
github.com/nomdb/backend/internal/handlers/categories.go:69.16,72.3 2 0
github.com/nomdb/backend/internal/handlers/categories.go:74.2,75.30 2 0
github.com/nomdb/backend/internal/handlers/categories.go:89.61,91.61 2 0
github.com/nomdb/backend/internal/handlers/categories.go:91.61,94.3 2 0
github.com/nomdb/backend/internal/handlers/categories.go:96.2,96.20 1 0
github.com/nomdb/backend/internal/handlers/categories.go:96.20,99.3 2 0
github.com/nomdb/backend/internal/handlers/categories.go:101.2,105.16 3 0
github.com/nomdb/backend/internal/handlers/categories.go:105.16,108.3 2 0
github.com/nomdb/backend/internal/handlers/categories.go:110.2,112.30 3 0
github.com/nomdb/backend/internal/handlers/categories.go:127.61,130.16 3 0
github.com/nomdb/backend/internal/handlers/categories.go:130.16,133.3 2 0
github.com/nomdb/backend/internal/handlers/categories.go:135.2,136.61 2 0
github.com/nomdb/backend/internal/handlers/categories.go:136.61,139.3 2 0
github.com/nomdb/backend/internal/handlers/categories.go:141.2,141.20 1 0
github.com/nomdb/backend/internal/handlers/categories.go:141.20,144.3 2 0
github.com/nomdb/backend/internal/handlers/categories.go:146.2,150.16 3 0
github.com/nomdb/backend/internal/handlers/categories.go:150.16,153.3 2 0
github.com/nomdb/backend/internal/handlers/categories.go:155.2,156.30 2 0
github.com/nomdb/backend/internal/handlers/categories.go:171.61,174.16 3 0
github.com/nomdb/backend/internal/handlers/categories.go:174.16,177.3 2 0
github.com/nomdb/backend/internal/handlers/categories.go:179.2,181.16 2 0
github.com/nomdb/backend/internal/handlers/categories.go:181.16,184.3 2 0
github.com/nomdb/backend/internal/handlers/categories.go:186.2,186.32 1 0
github.com/nomdb/backend/internal/handlers/categories.go:186.32,189.3 2 0
github.com/nomdb/backend/internal/handlers/categories.go:191.2,191.37 1 0
github.com/nomdb/backend/internal/handlers/food_types.go:23.59,26.16 2 0
github.com/nomdb/backend/internal/handlers/food_types.go:26.16,29.3 2 0
github.com/nomdb/backend/internal/handlers/food_types.go:30.2,33.18 3 0
github.com/nomdb/backend/internal/handlers/food_types.go:33.18,35.83 2 0
github.com/nomdb/backend/internal/handlers/food_types.go:35.83,38.4 2 0
github.com/nomdb/backend/internal/handlers/food_types.go:39.3,39.36 1 0
github.com/nomdb/backend/internal/handlers/food_types.go:42.2,43.38 2 0
github.com/nomdb/backend/internal/handlers/food_types.go:57.58,60.16 3 0
github.com/nomdb/backend/internal/handlers/food_types.go:60.16,63.3 2 0
github.com/nomdb/backend/internal/handlers/food_types.go:65.2,69.16 3 0
github.com/nomdb/backend/internal/handlers/food_types.go:69.16,72.3 2 0
github.com/nomdb/backend/internal/handlers/food_types.go:74.2,75.31 2 0
github.com/nomdb/backend/internal/handlers/food_types.go:89.61,91.61 2 0
github.com/nomdb/backend/internal/handlers/food_types.go:91.61,94.3 2 0
github.com/nomdb/backend/internal/handlers/food_types.go:96.2,96.20 1 0
github.com/nomdb/backend/internal/handlers/food_types.go:96.20,99.3 2 0
github.com/nomdb/backend/internal/handlers/food_types.go:101.2,105.16 3 0
github.com/nomdb/backend/internal/handlers/food_types.go:105.16,108.3 2 0
github.com/nomdb/backend/internal/handlers/food_types.go:110.2,112.31 3 0
github.com/nomdb/backend/internal/handlers/food_types.go:127.61,130.16 3 0
github.com/nomdb/backend/internal/handlers/food_types.go:130.16,133.3 2 0
github.com/nomdb/backend/internal/handlers/food_types.go:135.2,136.61 2 0
github.com/nomdb/backend/internal/handlers/food_types.go:136.61,139.3 2 0
github.com/nomdb/backend/internal/handlers/food_types.go:141.2,141.20 1 0
github.com/nomdb/backend/internal/handlers/food_types.go:141.20,144.3 2 0
github.com/nomdb/backend/internal/handlers/food_types.go:146.2,150.16 3 0
github.com/nomdb/backend/internal/handlers/food_types.go:150.16,153.3 2 0
github.com/nomdb/backend/internal/handlers/food_types.go:155.2,156.31 2 0
github.com/nomdb/backend/internal/handlers/food_types.go:171.61,174.16 3 0
github.com/nomdb/backend/internal/handlers/food_types.go:174.16,177.3 2 0
github.com/nomdb/backend/internal/handlers/food_types.go:179.2,181.16 2 0
github.com/nomdb/backend/internal/handlers/food_types.go:181.16,184.3 2 0
github.com/nomdb/backend/internal/handlers/food_types.go:186.2,186.32 1 0
github.com/nomdb/backend/internal/handlers/food_types.go:186.32,189.3 2 0
github.com/nomdb/backend/internal/handlers/food_types.go:191.2,191.37 1 0
github.com/nomdb/backend/internal/handlers/google_maps.go:23.59,25.17 2 0
github.com/nomdb/backend/internal/handlers/google_maps.go:25.17,28.3 2 0
github.com/nomdb/backend/internal/handlers/google_maps.go:30.2,31.16 2 0
github.com/nomdb/backend/internal/handlers/google_maps.go:31.16,34.3 2 0
github.com/nomdb/backend/internal/handlers/google_maps.go:36.2,37.36 2 0
github.com/nomdb/backend/internal/handlers/google_maps.go:50.60,52.17 2 0
github.com/nomdb/backend/internal/handlers/google_maps.go:52.17,55.3 2 0
github.com/nomdb/backend/internal/handlers/google_maps.go:57.2,58.16 2 0
github.com/nomdb/backend/internal/handlers/google_maps.go:58.16,61.3 2 0
github.com/nomdb/backend/internal/handlers/google_maps.go:63.2,64.36 2 0
github.com/nomdb/backend/internal/handlers/google_maps.go:77.62,80.19 3 0
github.com/nomdb/backend/internal/handlers/google_maps.go:80.19,83.3 2 0
github.com/nomdb/backend/internal/handlers/google_maps.go:85.2,86.16 2 0
github.com/nomdb/backend/internal/handlers/google_maps.go:86.16,89.3 2 0
github.com/nomdb/backend/internal/handlers/google_maps.go:91.2,92.35 2 0
github.com/nomdb/backend/internal/handlers/menu_photos.go:28.13,31.2 1 1
github.com/nomdb/backend/internal/handlers/menu_photos.go:43.60,46.16 3 0
github.com/nomdb/backend/internal/handlers/menu_photos.go:46.16,49.3 2 0
github.com/nomdb/backend/internal/handlers/menu_photos.go:51.2,57.16 3 0
github.com/nomdb/backend/internal/handlers/menu_photos.go:57.16,60.3 2 0
github.com/nomdb/backend/internal/handlers/menu_photos.go:61.2,66.18 4 0
github.com/nomdb/backend/internal/handlers/menu_photos.go:66.18,71.17 2 0
github.com/nomdb/backend/internal/handlers/menu_photos.go:71.17,74.4 2 0
github.com/nomdb/backend/internal/handlers/menu_photos.go:77.3,77.23 1 0
github.com/nomdb/backend/internal/handlers/menu_photos.go:77.23,80.18 2 0
github.com/nomdb/backend/internal/handlers/menu_photos.go:80.18,83.5 2 0
github.com/nomdb/backend/internal/handlers/menu_photos.go:84.4,84.28 1 0
github.com/nomdb/backend/internal/handlers/menu_photos.go:85.9,88.4 1 0
github.com/nomdb/backend/internal/handlers/menu_photos.go:90.3,90.33 1 0
github.com/nomdb/backend/internal/handlers/menu_photos.go:93.2,94.35 2 0
github.com/nomdb/backend/internal/handlers/menu_photos.go:109.62,112.16 3 0
github.com/nomdb/backend/internal/handlers/menu_photos.go:112.16,115.3 2 0
github.com/nomdb/backend/internal/handlers/menu_photos.go:118.2,119.60 2 0
github.com/nomdb/backend/internal/handlers/menu_photos.go:119.60,122.3 2 0
github.com/nomdb/backend/internal/handlers/menu_photos.go:125.2,126.19 2 0
github.com/nomdb/backend/internal/handlers/menu_photos.go:126.19,129.3 2 0
github.com/nomdb/backend/internal/handlers/menu_photos.go:132.2,133.16 2 0
github.com/nomdb/backend/internal/handlers/menu_photos.go:133.16,136.3 2 0
github.com/nomdb/backend/internal/handlers/menu_photos.go:137.2,140.33 2 0
github.com/nomdb/backend/internal/handlers/menu_photos.go:140.33,143.3 2 0
github.com/nomdb/backend/internal/handlers/menu_photos.go:146.2,147.47 2 0
github.com/nomdb/backend/internal/handlers/menu_photos.go:147.47,150.3 2 0
github.com/nomdb/backend/internal/handlers/menu_photos.go:153.2,158.30 2 0
github.com/nomdb/backend/internal/handlers/menu_photos.go:158.30,161.3 2 0
github.com/nomdb/backend/internal/handlers/menu_photos.go:164.2,166.16 3 0
github.com/nomdb/backend/internal/handlers/menu_photos.go:166.16,169.3 2 0
github.com/nomdb/backend/internal/handlers/menu_photos.go:172.2,180.22 7 0
github.com/nomdb/backend/internal/handlers/menu_photos.go:180.22,184.17 3 0
github.com/nomdb/backend/internal/handlers/menu_photos.go:184.17,187.4 2 0
github.com/nomdb/backend/internal/handlers/menu_photos.go:190.3,192.17 3 0
github.com/nomdb/backend/internal/handlers/menu_photos.go:192.17,195.4 2 0
github.com/nomdb/backend/internal/handlers/menu_photos.go:198.3,199.17 2 0
github.com/nomdb/backend/internal/handlers/menu_photos.go:199.17,202.4 2 0
github.com/nomdb/backend/internal/handlers/menu_photos.go:203.8,206.65 2 0
github.com/nomdb/backend/internal/handlers/menu_photos.go:206.65,209.4 2 0
github.com/nomdb/backend/internal/handlers/menu_photos.go:212.3,215.70 4 0
github.com/nomdb/backend/internal/handlers/menu_photos.go:215.70,218.4 2 0
github.com/nomdb/backend/internal/handlers/menu_photos.go:220.3,220.66 1 0
github.com/nomdb/backend/internal/handlers/menu_photos.go:224.2,234.16 3 0
github.com/nomdb/backend/internal/handlers/menu_photos.go:234.16,236.23 1 0
github.com/nomdb/backend/internal/handlers/menu_photos.go:236.23,238.4 1 0
github.com/nomdb/backend/internal/handlers/menu_photos.go:238.9,240.4 1 0
github.com/nomdb/backend/internal/handlers/menu_photos.go:241.3,242.9 2 0
github.com/nomdb/backend/internal/handlers/menu_photos.go:246.2,250.69 4 0
github.com/nomdb/backend/internal/handlers/menu_photos.go:265.65,268.16 3 0
github.com/nomdb/backend/internal/handlers/menu_photos.go:268.16,271.3 2 0
github.com/nomdb/backend/internal/handlers/menu_photos.go:273.2,276.61 2 0
github.com/nomdb/backend/internal/handlers/menu_photos.go:276.61,279.3 2 0
github.com/nomdb/backend/internal/handlers/menu_photos.go:281.2,281.23 1 0
github.com/nomdb/backend/internal/handlers/menu_photos.go:281.23,284.3 2 0
github.com/nomdb/backend/internal/handlers/menu_photos.go:286.2,297.16 4 0
github.com/nomdb/backend/internal/handlers/menu_photos.go:297.16,300.3 2 0
github.com/nomdb/backend/internal/handlers/menu_photos.go:302.2,305.34 3 0
github.com/nomdb/backend/internal/handlers/menu_photos.go:319.62,322.16 3 0
github.com/nomdb/backend/internal/handlers/menu_photos.go:322.16,325.3 2 0
github.com/nomdb/backend/internal/handlers/menu_photos.go:327.2,333.16 4 0
github.com/nomdb/backend/internal/handlers/menu_photos.go:333.16,336.3 2 0
github.com/nomdb/backend/internal/handlers/menu_photos.go:339.2,341.16 2 0
github.com/nomdb/backend/internal/handlers/menu_photos.go:341.16,344.3 2 0
github.com/nomdb/backend/internal/handlers/menu_photos.go:346.2,346.32 1 0
github.com/nomdb/backend/internal/handlers/menu_photos.go:346.32,349.3 2 0
github.com/nomdb/backend/internal/handlers/menu_photos.go:352.2,353.22 2 0
github.com/nomdb/backend/internal/handlers/menu_photos.go:353.22,356.3 1 0
github.com/nomdb/backend/internal/handlers/menu_photos.go:356.8,360.3 2 0
github.com/nomdb/backend/internal/handlers/menu_photos.go:362.2,362.37 1 0
github.com/nomdb/backend/internal/handlers/pagination.go:18.69,25.60 2 0
github.com/nomdb/backend/internal/handlers/pagination.go:25.60,26.55 1 0
github.com/nomdb/backend/internal/handlers/pagination.go:26.55,27.42 1 0
github.com/nomdb/backend/internal/handlers/pagination.go:27.42,29.5 1 0
github.com/nomdb/backend/internal/handlers/pagination.go:29.10,29.35 1 0
github.com/nomdb/backend/internal/handlers/pagination.go:29.35,31.5 1 0
github.com/nomdb/backend/internal/handlers/pagination.go:36.2,38.15 2 0
github.com/nomdb/backend/internal/handlers/pagination.go:42.34,44.2 1 0
github.com/nomdb/backend/internal/handlers/pagination.go:47.47,48.18 1 0
github.com/nomdb/backend/internal/handlers/pagination.go:48.18,50.3 1 0
github.com/nomdb/backend/internal/handlers/pagination.go:52.2,53.16 2 0
github.com/nomdb/backend/internal/handlers/pagination.go:53.16,55.3 1 0
github.com/nomdb/backend/internal/handlers/pagination.go:57.2,58.16 2 0
github.com/nomdb/backend/internal/handlers/pagination.go:58.16,60.3 1 0
github.com/nomdb/backend/internal/handlers/pagination.go:62.2,62.16 1 0
github.com/nomdb/backend/internal/handlers/pagination.go:66.98,72.27 2 0
github.com/nomdb/backend/internal/handlers/pagination.go:72.27,75.3 2 0
github.com/nomdb/backend/internal/handlers/pagination.go:77.2,77.17 1 0
github.com/nomdb/backend/internal/handlers/ratings.go:25.57,28.16 3 0
github.com/nomdb/backend/internal/handlers/ratings.go:28.16,31.3 2 0
github.com/nomdb/backend/internal/handlers/ratings.go:33.2,36.16 2 0
github.com/nomdb/backend/internal/handlers/ratings.go:36.16,39.3 2 0
github.com/nomdb/backend/internal/handlers/ratings.go:40.2,43.18 3 0
github.com/nomdb/backend/internal/handlers/ratings.go:43.18,45.144 2 0
github.com/nomdb/backend/internal/handlers/ratings.go:45.144,48.4 2 0
github.com/nomdb/backend/internal/handlers/ratings.go:49.3,49.32 1 0
github.com/nomdb/backend/internal/handlers/ratings.go:52.2,53.36 2 0
github.com/nomdb/backend/internal/handlers/ratings.go:67.59,69.61 2 0
github.com/nomdb/backend/internal/handlers/ratings.go:69.61,72.3 2 0
github.com/nomdb/backend/internal/handlers/ratings.go:74.2,74.27 1 0
github.com/nomdb/backend/internal/handlers/ratings.go:74.27,77.3 2 0
github.com/nomdb/backend/internal/handlers/ratings.go:79.2,81.52 1 0
github.com/nomdb/backend/internal/handlers/ratings.go:81.52,84.3 2 0
github.com/nomdb/backend/internal/handlers/ratings.go:87.2,90.27 3 0
github.com/nomdb/backend/internal/handlers/ratings.go:90.27,93.3 2 0
github.com/nomdb/backend/internal/handlers/ratings.go:95.2,102.16 3 0
github.com/nomdb/backend/internal/handlers/ratings.go:102.16,105.3 2 0
github.com/nomdb/backend/internal/handlers/ratings.go:107.2,109.31 3 0
github.com/nomdb/backend/internal/handlers/ratings.go:124.59,127.16 3 0
github.com/nomdb/backend/internal/handlers/ratings.go:127.16,130.3 2 0
github.com/nomdb/backend/internal/handlers/ratings.go:132.2,134.16 2 0
github.com/nomdb/backend/internal/handlers/ratings.go:134.16,137.3 2 0
github.com/nomdb/backend/internal/handlers/ratings.go:139.2,139.32 1 0
github.com/nomdb/backend/internal/handlers/ratings.go:139.32,142.3 2 0
github.com/nomdb/backend/internal/handlers/ratings.go:144.2,144.37 1 0
github.com/nomdb/backend/internal/handlers/restaurants.go:18.98,25.16 2 0
github.com/nomdb/backend/internal/handlers/restaurants.go:25.16,27.3 1 0
github.com/nomdb/backend/internal/handlers/restaurants.go:28.2,31.18 3 0
github.com/nomdb/backend/internal/handlers/restaurants.go:31.18,33.83 2 0
github.com/nomdb/backend/internal/handlers/restaurants.go:33.83,35.4 1 0
github.com/nomdb/backend/internal/handlers/restaurants.go:36.3,36.36 1 0
github.com/nomdb/backend/internal/handlers/restaurants.go:38.2,38.23 1 0
github.com/nomdb/backend/internal/handlers/restaurants.go:41.115,42.29 1 0
github.com/nomdb/backend/internal/handlers/restaurants.go:42.29,44.3 1 0
github.com/nomdb/backend/internal/handlers/restaurants.go:47.2,49.35 3 0
github.com/nomdb/backend/internal/handlers/restaurants.go:49.35,52.3 2 0
github.com/nomdb/backend/internal/handlers/restaurants.go:54.2,62.16 3 0
github.com/nomdb/backend/internal/handlers/restaurants.go:62.16,64.3 1 0
github.com/nomdb/backend/internal/handlers/restaurants.go:65.2,68.18 3 0
github.com/nomdb/backend/internal/handlers/restaurants.go:68.18,71.98 3 0
github.com/nomdb/backend/internal/handlers/restaurants.go:71.98,73.4 1 0
github.com/nomdb/backend/internal/handlers/restaurants.go:74.3,74.58 1 0
github.com/nomdb/backend/internal/handlers/restaurants.go:76.2,76.20 1 0
github.com/nomdb/backend/internal/handlers/restaurants.go:79.115,80.29 1 0
github.com/nomdb/backend/internal/handlers/restaurants.go:80.29,82.3 1 0
github.com/nomdb/backend/internal/handlers/restaurants.go:85.2,87.35 3 0
github.com/nomdb/backend/internal/handlers/restaurants.go:87.35,90.3 2 0
github.com/nomdb/backend/internal/handlers/restaurants.go:92.2,100.16 3 0
github.com/nomdb/backend/internal/handlers/restaurants.go:100.16,102.3 1 0
github.com/nomdb/backend/internal/handlers/restaurants.go:103.2,106.18 3 0
github.com/nomdb/backend/internal/handlers/restaurants.go:106.18,109.98 3 0
github.com/nomdb/backend/internal/handlers/restaurants.go:109.98,111.4 1 0
github.com/nomdb/backend/internal/handlers/restaurants.go:112.3,112.58 1 0
github.com/nomdb/backend/internal/handlers/restaurants.go:114.2,114.20 1 0
github.com/nomdb/backend/internal/handlers/restaurants.go:117.98,124.16 2 0
github.com/nomdb/backend/internal/handlers/restaurants.go:124.16,126.3 1 0
github.com/nomdb/backend/internal/handlers/restaurants.go:127.2,130.18 3 0
github.com/nomdb/backend/internal/handlers/restaurants.go:130.18,132.83 2 0
github.com/nomdb/backend/internal/handlers/restaurants.go:132.83,134.4 1 0
github.com/nomdb/backend/internal/handlers/restaurants.go:135.3,135.36 1 0
github.com/nomdb/backend/internal/handlers/restaurants.go:137.2,137.23 1 0
github.com/nomdb/backend/internal/handlers/restaurants.go:140.96,144.16 2 0
github.com/nomdb/backend/internal/handlers/restaurants.go:144.16,146.3 1 0
github.com/nomdb/backend/internal/handlers/restaurants.go:149.2,149.35 1 0
github.com/nomdb/backend/internal/handlers/restaurants.go:149.35,153.17 2 0
github.com/nomdb/backend/internal/handlers/restaurants.go:153.17,155.4 1 0
github.com/nomdb/backend/internal/handlers/restaurants.go:157.2,157.12 1 0
github.com/nomdb/backend/internal/handlers/restaurants.go:174.61,196.22 13 0
github.com/nomdb/backend/internal/handlers/restaurants.go:196.22,197.57 1 0
github.com/nomdb/backend/internal/handlers/restaurants.go:197.57,201.4 3 0
github.com/nomdb/backend/internal/handlers/restaurants.go:204.2,204.23 1 0
github.com/nomdb/backend/internal/handlers/restaurants.go:204.23,207.31 3 0
github.com/nomdb/backend/internal/handlers/restaurants.go:207.31,208.69 1 0
github.com/nomdb/backend/internal/handlers/restaurants.go:208.69,210.5 1 0
github.com/nomdb/backend/internal/handlers/restaurants.go:212.3,212.24 1 0
github.com/nomdb/backend/internal/handlers/restaurants.go:212.24,214.32 2 0
github.com/nomdb/backend/internal/handlers/restaurants.go:214.32,218.5 3 0
github.com/nomdb/backend/internal/handlers/restaurants.go:219.4,222.41 1 0
github.com/nomdb/backend/internal/handlers/restaurants.go:227.2,231.44 4 0
github.com/nomdb/backend/internal/handlers/restaurants.go:231.44,236.54 4 0
github.com/nomdb/backend/internal/handlers/restaurants.go:236.54,256.4 7 0
github.com/nomdb/backend/internal/handlers/restaurants.go:259.2,260.35 2 0
github.com/nomdb/backend/internal/handlers/restaurants.go:260.35,262.3 1 0
github.com/nomdb/backend/internal/handlers/restaurants.go:264.2,288.24 4 0
github.com/nomdb/backend/internal/handlers/restaurants.go:288.24,293.23 3 0
github.com/nomdb/backend/internal/handlers/restaurants.go:293.23,294.58 1 0
github.com/nomdb/backend/internal/handlers/restaurants.go:294.58,298.5 3 0
github.com/nomdb/backend/internal/handlers/restaurants.go:301.3,301.24 1 0
github.com/nomdb/backend/internal/handlers/restaurants.go:301.24,304.32 3 0
github.com/nomdb/backend/internal/handlers/restaurants.go:304.32,305.70 1 0
github.com/nomdb/backend/internal/handlers/restaurants.go:305.70,307.6 1 0
github.com/nomdb/backend/internal/handlers/restaurants.go:309.4,309.25 1 0
github.com/nomdb/backend/internal/handlers/restaurants.go:309.25,311.33 2 0
github.com/nomdb/backend/internal/handlers/restaurants.go:311.33,315.6 3 0
github.com/nomdb/backend/internal/handlers/restaurants.go:316.5,319.42 1 0
github.com/nomdb/backend/internal/handlers/restaurants.go:324.3,327.18 3 0
github.com/nomdb/backend/internal/handlers/restaurants.go:327.18,347.4 7 0
github.com/nomdb/backend/internal/handlers/restaurants.go:349.3,350.36 2 0
github.com/nomdb/backend/internal/handlers/restaurants.go:350.36,352.4 1 0
github.com/nomdb/backend/internal/handlers/restaurants.go:354.3,379.54 2 0
github.com/nomdb/backend/internal/handlers/restaurants.go:380.8,385.3 1 0
github.com/nomdb/backend/internal/handlers/restaurants.go:387.2,388.16 2 0
github.com/nomdb/backend/internal/handlers/restaurants.go:388.16,391.3 2 0
github.com/nomdb/backend/internal/handlers/restaurants.go:392.2,398.18 5 0
github.com/nomdb/backend/internal/handlers/restaurants.go:398.18,407.18 8 0
github.com/nomdb/backend/internal/handlers/restaurants.go:407.18,416.4 1 0
github.com/nomdb/backend/internal/handlers/restaurants.go:416.9,424.4 1 0
github.com/nomdb/backend/internal/handlers/restaurants.go:425.3,425.17 1 0
github.com/nomdb/backend/internal/handlers/restaurants.go:425.17,428.4 2 0
github.com/nomdb/backend/internal/handlers/restaurants.go:430.3,430.22 1 0
github.com/nomdb/backend/internal/handlers/restaurants.go:430.22,432.4 1 0
github.com/nomdb/backend/internal/handlers/restaurants.go:434.3,434.37 1 0
github.com/nomdb/backend/internal/handlers/restaurants.go:434.37,436.4 1 0
github.com/nomdb/backend/internal/handlers/restaurants.go:438.3,438.22 1 0
github.com/nomdb/backend/internal/handlers/restaurants.go:438.22,447.4 2 0
github.com/nomdb/backend/internal/handlers/restaurants.go:450.3,450.24 1 0
github.com/nomdb/backend/internal/handlers/restaurants.go:450.24,452.4 1 0
github.com/nomdb/backend/internal/handlers/restaurants.go:452.9,454.4 1 0
github.com/nomdb/backend/internal/handlers/restaurants.go:456.3,456.42 1 0
github.com/nomdb/backend/internal/handlers/restaurants.go:460.2,461.28 2 0
github.com/nomdb/backend/internal/handlers/restaurants.go:461.28,463.17 2 0
github.com/nomdb/backend/internal/handlers/restaurants.go:463.17,466.4 2 0
github.com/nomdb/backend/internal/handlers/restaurants.go:467.3,467.36 1 0
github.com/nomdb/backend/internal/handlers/restaurants.go:471.2,472.28 2 0
github.com/nomdb/backend/internal/handlers/restaurants.go:472.28,474.17 2 0
github.com/nomdb/backend/internal/handlers/restaurants.go:474.17,477.4 2 0
github.com/nomdb/backend/internal/handlers/restaurants.go:478.3,478.36 1 0
github.com/nomdb/backend/internal/handlers/restaurants.go:482.2,482.29 1 0
github.com/nomdb/backend/internal/handlers/restaurants.go:482.29,483.34 1 0
github.com/nomdb/backend/internal/handlers/restaurants.go:483.34,485.4 1 0
github.com/nomdb/backend/internal/handlers/restaurants.go:485.9,487.4 1 0
github.com/nomdb/backend/internal/handlers/restaurants.go:490.2,491.40 2 0
github.com/nomdb/backend/internal/handlers/restaurants.go:506.60,509.16 3 0
github.com/nomdb/backend/internal/handlers/restaurants.go:509.16,512.3 2 0
github.com/nomdb/backend/internal/handlers/restaurants.go:514.2,543.16 9 0
github.com/nomdb/backend/internal/handlers/restaurants.go:543.16,546.3 2 0
github.com/nomdb/backend/internal/handlers/restaurants.go:548.2,548.36 1 0
github.com/nomdb/backend/internal/handlers/restaurants.go:548.36,550.3 1 0
github.com/nomdb/backend/internal/handlers/restaurants.go:553.2,554.16 2 0
github.com/nomdb/backend/internal/handlers/restaurants.go:554.16,557.3 2 0
github.com/nomdb/backend/internal/handlers/restaurants.go:558.2,560.21 2 0
github.com/nomdb/backend/internal/handlers/restaurants.go:560.21,569.3 2 0
github.com/nomdb/backend/internal/handlers/restaurants.go:571.2,572.33 2 0
github.com/nomdb/backend/internal/handlers/restaurants.go:587.63,589.61 2 0
github.com/nomdb/backend/internal/handlers/restaurants.go:589.61,592.3 2 0
github.com/nomdb/backend/internal/handlers/restaurants.go:594.2,594.20 1 0
github.com/nomdb/backend/internal/handlers/restaurants.go:594.20,597.3 2 0
github.com/nomdb/backend/internal/handlers/restaurants.go:599.2,611.16 4 0
github.com/nomdb/backend/internal/handlers/restaurants.go:611.16,613.45 1 0
github.com/nomdb/backend/internal/handlers/restaurants.go:613.45,614.29 1 0
github.com/nomdb/backend/internal/handlers/restaurants.go:614.29,616.66 2 0
github.com/nomdb/backend/internal/handlers/restaurants.go:616.66,618.6 1 0
github.com/nomdb/backend/internal/handlers/restaurants.go:618.11,618.70 1 0
github.com/nomdb/backend/internal/handlers/restaurants.go:618.70,620.6 1 0
github.com/nomdb/backend/internal/handlers/restaurants.go:620.11,622.6 1 0
github.com/nomdb/backend/internal/handlers/restaurants.go:623.5,623.11 1 0
github.com/nomdb/backend/internal/handlers/restaurants.go:626.3,628.9 3 0
github.com/nomdb/backend/internal/handlers/restaurants.go:632.2,632.30 1 0
github.com/nomdb/backend/internal/handlers/restaurants.go:632.30,633.82 1 0
github.com/nomdb/backend/internal/handlers/restaurants.go:633.82,636.4 2 0
github.com/nomdb/backend/internal/handlers/restaurants.go:637.3,638.29 2 0
github.com/nomdb/backend/internal/handlers/restaurants.go:641.2,643.33 3 0
github.com/nomdb/backend/internal/handlers/restaurants.go:659.63,662.16 3 0
github.com/nomdb/backend/internal/handlers/restaurants.go:662.16,665.3 2 0
github.com/nomdb/backend/internal/handlers/restaurants.go:667.2,668.61 2 0
github.com/nomdb/backend/internal/handlers/restaurants.go:668.61,671.3 2 0
github.com/nomdb/backend/internal/handlers/restaurants.go:673.2,695.16 4 0
github.com/nomdb/backend/internal/handlers/restaurants.go:695.16,698.3 2 0
github.com/nomdb/backend/internal/handlers/restaurants.go:701.2,701.28 1 0
github.com/nomdb/backend/internal/handlers/restaurants.go:701.28,702.82 1 0
github.com/nomdb/backend/internal/handlers/restaurants.go:702.82,705.4 2 0
github.com/nomdb/backend/internal/handlers/restaurants.go:708.2,712.33 4 0
github.com/nomdb/backend/internal/handlers/restaurants.go:727.63,730.16 3 0
github.com/nomdb/backend/internal/handlers/restaurants.go:730.16,733.3 2 0
github.com/nomdb/backend/internal/handlers/restaurants.go:735.2,737.16 2 0
github.com/nomdb/backend/internal/handlers/restaurants.go:737.16,740.3 2 0
github.com/nomdb/backend/internal/handlers/restaurants.go:742.2,742.32 1 0
github.com/nomdb/backend/internal/handlers/restaurants.go:742.32,745.3 2 0
github.com/nomdb/backend/internal/handlers/restaurants.go:747.2,747.37 1 0
github.com/nomdb/backend/internal/handlers/restaurants.go:761.59,763.17 2 0
github.com/nomdb/backend/internal/handlers/restaurants.go:763.17,766.3 2 0
github.com/nomdb/backend/internal/handlers/restaurants.go:768.2,811.16 5 0
github.com/nomdb/backend/internal/handlers/restaurants.go:811.16,814.3 2 0
github.com/nomdb/backend/internal/handlers/restaurants.go:815.2,821.18 5 0
github.com/nomdb/backend/internal/handlers/restaurants.go:821.18,839.17 11 0
github.com/nomdb/backend/internal/handlers/restaurants.go:839.17,842.4 2 0
github.com/nomdb/backend/internal/handlers/restaurants.go:845.3,845.26 1 0
github.com/nomdb/backend/internal/handlers/restaurants.go:845.26,847.4 1 0
github.com/nomdb/backend/internal/handlers/restaurants.go:849.3,849.37 1 0
github.com/nomdb/backend/internal/handlers/restaurants.go:849.37,851.4 1 0
github.com/nomdb/backend/internal/handlers/restaurants.go:853.3,857.22 4 0
github.com/nomdb/backend/internal/handlers/restaurants.go:857.22,866.4 2 0
github.com/nomdb/backend/internal/handlers/restaurants.go:869.3,869.42 1 0
github.com/nomdb/backend/internal/handlers/restaurants.go:869.42,871.4 1 0
github.com/nomdb/backend/internal/handlers/restaurants.go:871.9,871.25 1 0
github.com/nomdb/backend/internal/handlers/restaurants.go:871.25,873.4 1 0
github.com/nomdb/backend/internal/handlers/restaurants.go:875.3,875.34 1 0
github.com/nomdb/backend/internal/handlers/restaurants.go:879.2,880.28 2 0
github.com/nomdb/backend/internal/handlers/restaurants.go:880.28,882.17 2 0
github.com/nomdb/backend/internal/handlers/restaurants.go:882.17,885.4 2 0
github.com/nomdb/backend/internal/handlers/restaurants.go:886.3,886.36 1 0
github.com/nomdb/backend/internal/handlers/restaurants.go:890.2,891.28 2 0
github.com/nomdb/backend/internal/handlers/restaurants.go:891.28,893.17 2 0
github.com/nomdb/backend/internal/handlers/restaurants.go:893.17,896.4 2 0
github.com/nomdb/backend/internal/handlers/restaurants.go:897.3,897.36 1 0
github.com/nomdb/backend/internal/handlers/restaurants.go:901.2,901.25 1 0
github.com/nomdb/backend/internal/handlers/restaurants.go:901.25,902.64 1 0
github.com/nomdb/backend/internal/handlers/restaurants.go:902.64,904.4 1 0
github.com/nomdb/backend/internal/handlers/restaurants.go:904.9,904.31 1 0
github.com/nomdb/backend/internal/handlers/restaurants.go:904.31,906.4 1 0
github.com/nomdb/backend/internal/handlers/restaurants.go:909.2,910.36 2 0
github.com/nomdb/backend/internal/handlers/restaurants_paginated.go:31.70,39.16 4 0
github.com/nomdb/backend/internal/handlers/restaurants_paginated.go:39.16,43.3 3 0
github.com/nomdb/backend/internal/handlers/restaurants_paginated.go:46.2,57.16 8 0
github.com/nomdb/backend/internal/handlers/restaurants_paginated.go:57.16,61.3 3 0
github.com/nomdb/backend/internal/handlers/restaurants_paginated.go:64.2,64.22 1 0
github.com/nomdb/backend/internal/handlers/restaurants_paginated.go:64.22,65.67 1 0
github.com/nomdb/backend/internal/handlers/restaurants_paginated.go:65.67,69.4 3 0
github.com/nomdb/backend/internal/handlers/restaurants_paginated.go:73.2,73.23 1 0
github.com/nomdb/backend/internal/handlers/restaurants_paginated.go:73.23,76.31 3 0
github.com/nomdb/backend/internal/handlers/restaurants_paginated.go:76.31,77.79 1 0
github.com/nomdb/backend/internal/handlers/restaurants_paginated.go:77.79,79.5 1 0
github.com/nomdb/backend/internal/handlers/restaurants_paginated.go:81.3,81.24 1 0
github.com/nomdb/backend/internal/handlers/restaurants_paginated.go:81.24,83.32 2 0
github.com/nomdb/backend/internal/handlers/restaurants_paginated.go:83.32,87.5 3 0
github.com/nomdb/backend/internal/handlers/restaurants_paginated.go:88.4,91.41 1 0
github.com/nomdb/backend/internal/handlers/restaurants_paginated.go:96.2,96.23 1 0
github.com/nomdb/backend/internal/handlers/restaurants_paginated.go:96.23,100.3 3 0
github.com/nomdb/backend/internal/handlers/restaurants_paginated.go:102.2,103.25 2 0
github.com/nomdb/backend/internal/handlers/restaurants_paginated.go:103.25,105.3 1 0
github.com/nomdb/backend/internal/handlers/restaurants_paginated.go:108.2,131.16 5 0
github.com/nomdb/backend/internal/handlers/restaurants_paginated.go:131.16,135.3 3 0
github.com/nomdb/backend/internal/handlers/restaurants_paginated.go:136.2,142.18 5 0
github.com/nomdb/backend/internal/handlers/restaurants_paginated.go:142.18,156.17 7 0
github.com/nomdb/backend/internal/handlers/restaurants_paginated.go:156.17,160.4 3 0
github.com/nomdb/backend/internal/handlers/restaurants_paginated.go:162.3,162.47 1 0
github.com/nomdb/backend/internal/handlers/restaurants_paginated.go:162.47,167.4 1 0
github.com/nomdb/backend/internal/handlers/restaurants_paginated.go:169.3,169.22 1 0
github.com/nomdb/backend/internal/handlers/restaurants_paginated.go:169.22,178.4 2 0
github.com/nomdb/backend/internal/handlers/restaurants_paginated.go:180.3,182.32 3 0
github.com/nomdb/backend/internal/handlers/restaurants_paginated.go:186.2,187.13 2 0
github.com/nomdb/backend/internal/handlers/restaurants_paginated.go:187.13,191.3 2 0
github.com/nomdb/backend/internal/handlers/restaurants_paginated.go:194.2,194.28 1 0
github.com/nomdb/backend/internal/handlers/restaurants_paginated.go:194.28,196.17 2 0
github.com/nomdb/backend/internal/handlers/restaurants_paginated.go:196.17,199.4 1 0
github.com/nomdb/backend/internal/handlers/restaurants_paginated.go:199.9,200.31 1 0
github.com/nomdb/backend/internal/handlers/restaurants_paginated.go:200.31,201.69 1 0
github.com/nomdb/backend/internal/handlers/restaurants_paginated.go:201.69,203.6 1 0
github.com/nomdb/backend/internal/handlers/restaurants_paginated.go:209.2,210.34 2 0
github.com/nomdb/backend/internal/handlers/restaurants_paginated.go:210.34,213.3 2 0
github.com/nomdb/backend/internal/handlers/restaurants_paginated.go:215.2,222.37 3 0
github.com/nomdb/backend/internal/handlers/suggestions.go:18.96,22.16 2 0
github.com/nomdb/backend/internal/handlers/suggestions.go:22.16,24.3 1 0
github.com/nomdb/backend/internal/handlers/suggestions.go:27.2,27.35 1 0
github.com/nomdb/backend/internal/handlers/suggestions.go:27.35,31.17 2 0
github.com/nomdb/backend/internal/handlers/suggestions.go:31.17,33.4 1 0
github.com/nomdb/backend/internal/handlers/suggestions.go:35.2,35.12 1 0
github.com/nomdb/backend/internal/handlers/suggestions.go:47.61,54.24 5 0
github.com/nomdb/backend/internal/handlers/suggestions.go:54.24,67.3 2 0
github.com/nomdb/backend/internal/handlers/suggestions.go:67.8,78.3 1 0
github.com/nomdb/backend/internal/handlers/suggestions.go:80.2,81.16 2 0
github.com/nomdb/backend/internal/handlers/suggestions.go:81.16,84.3 2 0
github.com/nomdb/backend/internal/handlers/suggestions.go:85.2,88.18 3 0
github.com/nomdb/backend/internal/handlers/suggestions.go:88.18,98.17 4 0
github.com/nomdb/backend/internal/handlers/suggestions.go:98.17,101.4 2 0
github.com/nomdb/backend/internal/handlers/suggestions.go:103.3,103.37 1 0
github.com/nomdb/backend/internal/handlers/suggestions.go:103.37,105.4 1 0
github.com/nomdb/backend/internal/handlers/suggestions.go:108.3,109.17 2 0
github.com/nomdb/backend/internal/handlers/suggestions.go:109.17,112.4 2 0
github.com/nomdb/backend/internal/handlers/suggestions.go:113.3,115.41 2 0
github.com/nomdb/backend/internal/handlers/suggestions.go:118.2,119.40 2 0
github.com/nomdb/backend/internal/handlers/suggestions.go:133.60,136.16 3 0
github.com/nomdb/backend/internal/handlers/suggestions.go:136.16,139.3 2 0
github.com/nomdb/backend/internal/handlers/suggestions.go:141.2,163.16 7 0
github.com/nomdb/backend/internal/handlers/suggestions.go:163.16,166.3 2 0
github.com/nomdb/backend/internal/handlers/suggestions.go:168.2,168.36 1 0
github.com/nomdb/backend/internal/handlers/suggestions.go:168.36,170.3 1 0
github.com/nomdb/backend/internal/handlers/suggestions.go:173.2,174.16 2 0
github.com/nomdb/backend/internal/handlers/suggestions.go:174.16,177.3 2 0
github.com/nomdb/backend/internal/handlers/suggestions.go:178.2,181.32 3 0
github.com/nomdb/backend/internal/handlers/suggestions.go:195.63,197.61 2 0
github.com/nomdb/backend/internal/handlers/suggestions.go:197.61,200.3 2 0
github.com/nomdb/backend/internal/handlers/suggestions.go:202.2,202.20 1 0
github.com/nomdb/backend/internal/handlers/suggestions.go:202.20,205.3 2 0
github.com/nomdb/backend/internal/handlers/suggestions.go:207.2,214.58 5 0
github.com/nomdb/backend/internal/handlers/suggestions.go:214.58,218.3 2 0
github.com/nomdb/backend/internal/handlers/suggestions.go:218.8,218.53 1 0
github.com/nomdb/backend/internal/handlers/suggestions.go:218.53,222.3 2 0
github.com/nomdb/backend/internal/handlers/suggestions.go:224.2,224.22 1 0
github.com/nomdb/backend/internal/handlers/suggestions.go:224.22,226.17 2 0
github.com/nomdb/backend/internal/handlers/suggestions.go:226.17,231.4 3 0
github.com/nomdb/backend/internal/handlers/suggestions.go:235.2,245.16 3 0
github.com/nomdb/backend/internal/handlers/suggestions.go:245.16,247.45 1 0
github.com/nomdb/backend/internal/handlers/suggestions.go:247.45,248.29 1 0
github.com/nomdb/backend/internal/handlers/suggestions.go:248.29,250.66 2 0
github.com/nomdb/backend/internal/handlers/suggestions.go:250.66,252.6 1 0
github.com/nomdb/backend/internal/handlers/suggestions.go:252.11,252.70 1 0
github.com/nomdb/backend/internal/handlers/suggestions.go:252.70,254.6 1 0
github.com/nomdb/backend/internal/handlers/suggestions.go:254.11,256.6 1 0
github.com/nomdb/backend/internal/handlers/suggestions.go:257.5,257.11 1 0
github.com/nomdb/backend/internal/handlers/suggestions.go:260.3,262.9 3 0
github.com/nomdb/backend/internal/handlers/suggestions.go:266.2,266.30 1 0
github.com/nomdb/backend/internal/handlers/suggestions.go:266.30,267.81 1 0
github.com/nomdb/backend/internal/handlers/suggestions.go:267.81,270.4 2 0
github.com/nomdb/backend/internal/handlers/suggestions.go:271.3,272.17 2 0
github.com/nomdb/backend/internal/handlers/suggestions.go:272.17,275.4 2 0
github.com/nomdb/backend/internal/handlers/suggestions.go:276.3,276.28 1 0
github.com/nomdb/backend/internal/handlers/suggestions.go:279.2,281.32 3 0
github.com/nomdb/backend/internal/handlers/suggestions.go:296.69,299.16 3 0
github.com/nomdb/backend/internal/handlers/suggestions.go:299.16,302.3 2 0
github.com/nomdb/backend/internal/handlers/suggestions.go:304.2,305.61 2 0
github.com/nomdb/backend/internal/handlers/suggestions.go:305.61,308.3 2 0
github.com/nomdb/backend/internal/handlers/suggestions.go:311.2,312.32 2 0
github.com/nomdb/backend/internal/handlers/suggestions.go:312.32,315.3 2 0
github.com/nomdb/backend/internal/handlers/suggestions.go:317.2,329.16 4 0
github.com/nomdb/backend/internal/handlers/suggestions.go:329.16,332.3 2 0
github.com/nomdb/backend/internal/handlers/suggestions.go:334.2,335.16 2 0
github.com/nomdb/backend/internal/handlers/suggestions.go:335.16,338.3 2 0
github.com/nomdb/backend/internal/handlers/suggestions.go:339.2,342.32 3 0
github.com/nomdb/backend/internal/handlers/suggestions.go:357.64,360.16 3 0
github.com/nomdb/backend/internal/handlers/suggestions.go:360.16,363.3 2 0
github.com/nomdb/backend/internal/handlers/suggestions.go:365.2,366.61 2 0
github.com/nomdb/backend/internal/handlers/suggestions.go:366.61,369.3 2 0
github.com/nomdb/backend/internal/handlers/suggestions.go:371.2,382.16 4 0
github.com/nomdb/backend/internal/handlers/suggestions.go:382.16,385.3 2 0
github.com/nomdb/backend/internal/handlers/suggestions.go:388.2,389.27 2 0
github.com/nomdb/backend/internal/handlers/suggestions.go:389.27,391.3 1 0
github.com/nomdb/backend/internal/handlers/suggestions.go:394.2,396.52 1 0
github.com/nomdb/backend/internal/handlers/suggestions.go:396.52,399.3 2 0
github.com/nomdb/backend/internal/handlers/suggestions.go:402.2,409.16 3 0
github.com/nomdb/backend/internal/handlers/suggestions.go:409.16,412.3 2 0
github.com/nomdb/backend/internal/handlers/suggestions.go:415.2,416.16 2 0
github.com/nomdb/backend/internal/handlers/suggestions.go:416.16,418.3 1 0
github.com/nomdb/backend/internal/handlers/suggestions.go:419.2,419.24 1 0
github.com/nomdb/backend/internal/handlers/suggestions.go:419.24,421.32 2 0
github.com/nomdb/backend/internal/handlers/suggestions.go:421.32,423.4 1 0
github.com/nomdb/backend/internal/handlers/suggestions.go:424.3,424.36 1 0
github.com/nomdb/backend/internal/handlers/suggestions.go:424.36,428.18 2 0
github.com/nomdb/backend/internal/handlers/suggestions.go:428.18,430.13 1 0
github.com/nomdb/backend/internal/handlers/suggestions.go:436.2,441.16 2 0
github.com/nomdb/backend/internal/handlers/suggestions.go:441.16,443.3 1 0
github.com/nomdb/backend/internal/handlers/suggestions.go:446.2,448.16 2 0
github.com/nomdb/backend/internal/handlers/suggestions.go:448.16,451.3 1 0
github.com/nomdb/backend/internal/handlers/suggestions.go:453.2,457.4 2 0
github.com/nomdb/backend/internal/handlers/suggestions.go:471.63,474.16 3 0
github.com/nomdb/backend/internal/handlers/suggestions.go:474.16,477.3 2 0
github.com/nomdb/backend/internal/handlers/suggestions.go:479.2,481.16 2 0
github.com/nomdb/backend/internal/handlers/suggestions.go:481.16,484.3 2 0
github.com/nomdb/backend/internal/handlers/suggestions.go:486.2,486.32 1 0
github.com/nomdb/backend/internal/handlers/suggestions.go:486.32,489.3 2 0
github.com/nomdb/backend/internal/handlers/suggestions.go:491.2,491.37 1 0
github.com/nomdb/backend/internal/database/database.go:15.22,20.17 3 0
github.com/nomdb/backend/internal/database/database.go:20.17,30.17 7 0
github.com/nomdb/backend/internal/database/database.go:30.17,32.4 1 0
github.com/nomdb/backend/internal/database/database.go:33.3,33.17 1 0
github.com/nomdb/backend/internal/database/database.go:33.17,35.4 1 0
github.com/nomdb/backend/internal/database/database.go:36.3,36.17 1 0
github.com/nomdb/backend/internal/database/database.go:36.17,38.4 1 0
github.com/nomdb/backend/internal/database/database.go:39.3,39.21 1 0
github.com/nomdb/backend/internal/database/database.go:39.21,41.4 1 0
github.com/nomdb/backend/internal/database/database.go:42.3,42.19 1 0
github.com/nomdb/backend/internal/database/database.go:42.19,44.4 1 0
github.com/nomdb/backend/internal/database/database.go:45.3,45.20 1 0
github.com/nomdb/backend/internal/database/database.go:45.20,47.4 1 0
github.com/nomdb/backend/internal/database/database.go:49.3,53.48 2 0
github.com/nomdb/backend/internal/database/database.go:54.8,56.3 1 0
github.com/nomdb/backend/internal/database/database.go:59.2,60.16 2 0
github.com/nomdb/backend/internal/database/database.go:60.16,63.3 2 0
github.com/nomdb/backend/internal/database/database.go:66.2,76.16 8 0
github.com/nomdb/backend/internal/database/database.go:76.16,79.3 2 0
github.com/nomdb/backend/internal/database/database.go:81.2,82.56 2 0
github.com/nomdb/backend/internal/database/database.go:82.56,85.3 2 0
github.com/nomdb/backend/internal/database/database.go:87.2,88.12 2 0
github.com/nomdb/backend/internal/database/database.go:91.30,93.2 1 0
github.com/nomdb/backend/internal/database/database.go:95.14,96.17 1 0
github.com/nomdb/backend/internal/database/database.go:96.17,100.3 3 0
github.com/nomdb/backend/internal/database/migrate.go:14.69,19.16 2 0
github.com/nomdb/backend/internal/database/migrate.go:19.16,21.3 1 0
github.com/nomdb/backend/internal/database/migrate.go:22.2,25.71 2 0
github.com/nomdb/backend/internal/database/migrate.go:25.71,27.3 1 0
github.com/nomdb/backend/internal/database/migrate.go:29.2,29.41 1 0
github.com/nomdb/backend/internal/database/migrate.go:29.41,31.3 1 0
github.com/nomdb/backend/internal/database/migrate.go:31.8,33.3 1 0
github.com/nomdb/backend/internal/database/migrate.go:35.2,35.12 1 0
github.com/nomdb/backend/internal/database/migrate.go:39.67,44.16 2 0
github.com/nomdb/backend/internal/database/migrate.go:44.16,46.3 1 0
github.com/nomdb/backend/internal/database/migrate.go:47.2,49.36 2 0
github.com/nomdb/backend/internal/database/migrate.go:49.36,51.3 1 0
github.com/nomdb/backend/internal/database/migrate.go:53.2,54.12 2 0
github.com/nomdb/backend/internal/database/migrate.go:58.84,63.16 2 0
github.com/nomdb/backend/internal/database/migrate.go:63.16,65.3 1 0
github.com/nomdb/backend/internal/database/migrate.go:66.2,69.58 3 0
github.com/nomdb/backend/internal/database/migrate.go:69.58,71.3 1 0
github.com/nomdb/backend/internal/database/migrate.go:73.2,73.28 1 0
github.com/nomdb/backend/internal/database/migrate.go:77.81,82.16 2 0
github.com/nomdb/backend/internal/database/migrate.go:82.16,84.3 1 0
github.com/nomdb/backend/internal/database/migrate.go:85.2,87.41 2 0
github.com/nomdb/backend/internal/database/migrate.go:87.41,89.3 1 0
github.com/nomdb/backend/internal/database/migrate.go:91.2,92.12 2 0
github.com/nomdb/backend/internal/errors/errors.go:34.48,40.2 1 0
github.com/nomdb/backend/internal/errors/errors.go:43.69,50.2 1 0
github.com/nomdb/backend/internal/errors/errors.go:53.47,59.2 1 0
github.com/nomdb/backend/internal/errors/errors.go:62.48,68.2 1 0
github.com/nomdb/backend/internal/errors/errors.go:71.46,77.2 1 0
github.com/nomdb/backend/internal/errors/errors.go:80.51,87.2 1 0
github.com/nomdb/backend/internal/errors/errors.go:90.50,96.2 1 0
github.com/nomdb/backend/internal/errors/errors.go:99.47,105.2 1 0
github.com/nomdb/backend/internal/errors/errors.go:108.66,112.67 3 0
github.com/nomdb/backend/internal/errors/errors.go:112.67,114.3 1 0
github.com/nomdb/backend/internal/errors/errors.go:117.2,117.23 1 0
github.com/nomdb/backend/internal/errors/errors.go:117.23,119.3 1 0
github.com/nomdb/backend/internal/errors/errors.go:119.8,119.30 1 0
github.com/nomdb/backend/internal/errors/errors.go:119.30,121.3 1 0
github.com/nomdb/backend/internal/errors/errors.go:125.69,126.16 1 0
github.com/nomdb/backend/internal/errors/errors.go:126.16,128.3 1 0
github.com/nomdb/backend/internal/errors/errors.go:130.2,133.9 2 0
github.com/nomdb/backend/internal/errors/errors.go:134.35,135.28 1 0
github.com/nomdb/backend/internal/errors/errors.go:136.80,137.29 1 0
github.com/nomdb/backend/internal/errors/errors.go:138.39,139.66 1 0
github.com/nomdb/backend/internal/errors/errors.go:140.10,141.31 1 0
github.com/nomdb/backend/internal/errors/errors.go:146.38,151.2 1 0
github.com/nomdb/backend/internal/errors/errors.go:153.44,154.43 1 0
github.com/nomdb/backend/internal/errors/errors.go:154.43,155.35 1 0
github.com/nomdb/backend/internal/errors/errors.go:155.35,157.4 1 0
github.com/nomdb/backend/internal/errors/errors.go:159.2,159.14 1 0
github.com/nomdb/backend/internal/logger/logger.go:22.13,30.15 3 0
github.com/nomdb/backend/internal/logger/logger.go:30.15,32.3 1 0
github.com/nomdb/backend/internal/logger/logger.go:32.8,34.3 1 0
github.com/nomdb/backend/internal/logger/logger.go:37.2,37.39 1 0
github.com/nomdb/backend/internal/logger/logger.go:37.39,42.3 1 0
github.com/nomdb/backend/internal/logger/logger.go:42.8,44.3 1 0
github.com/nomdb/backend/internal/logger/logger.go:48.45,50.2 1 0
github.com/nomdb/backend/internal/logger/logger.go:53.65,55.27 2 0
github.com/nomdb/backend/internal/logger/logger.go:55.27,57.3 1 0
github.com/nomdb/backend/internal/logger/logger.go:58.2,58.16 1 0
github.com/nomdb/backend/internal/logger/logger.go:62.44,64.2 1 0
github.com/nomdb/backend/internal/logger/logger.go:67.64,69.27 2 0
github.com/nomdb/backend/internal/logger/logger.go:69.27,71.3 1 0
github.com/nomdb/backend/internal/logger/logger.go:72.2,72.16 1 0
github.com/nomdb/backend/internal/logger/logger.go:76.44,78.2 1 0
github.com/nomdb/backend/internal/logger/logger.go:81.64,83.27 2 0
github.com/nomdb/backend/internal/logger/logger.go:83.27,85.3 1 0
github.com/nomdb/backend/internal/logger/logger.go:86.2,86.16 1 0
github.com/nomdb/backend/internal/logger/logger.go:90.45,92.2 1 0
github.com/nomdb/backend/internal/logger/logger.go:95.65,97.27 2 0
github.com/nomdb/backend/internal/logger/logger.go:97.27,99.3 1 0
github.com/nomdb/backend/internal/logger/logger.go:100.2,100.16 1 0
github.com/nomdb/backend/internal/logger/logger.go:104.45,106.2 1 0
github.com/nomdb/backend/internal/logger/logger.go:109.25,111.2 1 0
github.com/nomdb/backend/internal/logger/logger.go:114.57,115.59 1 0
github.com/nomdb/backend/internal/logger/logger.go:115.59,118.3 2 0
github.com/nomdb/backend/internal/logger/logger.go:119.2,119.16 1 0
github.com/nomdb/backend/internal/logger/logger.go:123.102,126.21 2 0
github.com/nomdb/backend/internal/logger/logger.go:126.21,128.3 1 0
github.com/nomdb/backend/internal/logger/logger.go:130.2,137.32 1 0
github.com/nomdb/backend/internal/logger/logger.go:141.69,143.27 2 0
github.com/nomdb/backend/internal/logger/logger.go:143.27,145.3 1 0
github.com/nomdb/backend/internal/logger/logger.go:146.2,146.16 1 0
github.com/nomdb/backend/internal/logger/logger.go:150.71,151.15 1 0
github.com/nomdb/backend/internal/logger/logger.go:151.15,157.3 1 0
github.com/nomdb/backend/internal/services/google_maps.go:18.48,20.18 2 0
github.com/nomdb/backend/internal/services/google_maps.go:20.18,22.3 1 0
github.com/nomdb/backend/internal/services/google_maps.go:22.8,24.3 1 0
github.com/nomdb/backend/internal/services/google_maps.go:25.2,27.3 1 0
github.com/nomdb/backend/internal/services/google_maps.go:63.92,64.20 1 0
github.com/nomdb/backend/internal/services/google_maps.go:64.20,67.3 2 0
github.com/nomdb/backend/internal/services/google_maps.go:69.2,78.16 8 0
github.com/nomdb/backend/internal/services/google_maps.go:78.16,81.3 2 0
github.com/nomdb/backend/internal/services/google_maps.go:82.2,85.71 3 0
github.com/nomdb/backend/internal/services/google_maps.go:85.71,88.3 2 0
github.com/nomdb/backend/internal/services/google_maps.go:90.2,90.70 1 0
github.com/nomdb/backend/internal/services/google_maps.go:90.70,93.3 2 0
github.com/nomdb/backend/internal/services/google_maps.go:95.2,96.39 2 0
github.com/nomdb/backend/internal/services/google_maps.go:96.39,104.3 1 0
github.com/nomdb/backend/internal/services/google_maps.go:106.2,107.21 2 0
github.com/nomdb/backend/internal/services/google_maps.go:110.93,111.20 1 0
github.com/nomdb/backend/internal/services/google_maps.go:111.20,113.3 1 0
github.com/nomdb/backend/internal/services/google_maps.go:115.2,122.16 7 0
github.com/nomdb/backend/internal/services/google_maps.go:122.16,124.3 1 0
github.com/nomdb/backend/internal/services/google_maps.go:125.2,139.69 3 0
github.com/nomdb/backend/internal/services/google_maps.go:139.69,141.3 1 0
github.com/nomdb/backend/internal/services/google_maps.go:143.2,143.66 1 0
github.com/nomdb/backend/internal/services/google_maps.go:143.66,145.3 1 0
github.com/nomdb/backend/internal/services/google_maps.go:148.2,149.41 2 0
github.com/nomdb/backend/internal/services/google_maps.go:149.41,158.17 7 0
github.com/nomdb/backend/internal/services/google_maps.go:158.17,159.12 1 0
github.com/nomdb/backend/internal/services/google_maps.go:162.3,174.75 2 0
github.com/nomdb/backend/internal/services/google_maps.go:174.75,176.12 2 0
github.com/nomdb/backend/internal/services/google_maps.go:178.3,180.29 2 0
github.com/nomdb/backend/internal/services/google_maps.go:180.29,188.4 1 0
github.com/nomdb/backend/internal/services/google_maps.go:191.2,191.21 1 0
github.com/nomdb/backend/internal/services/google_maps.go:194.96,195.20 1 0
github.com/nomdb/backend/internal/services/google_maps.go:195.20,198.3 2 0
github.com/nomdb/backend/internal/services/google_maps.go:200.2,209.16 8 0
github.com/nomdb/backend/internal/services/google_maps.go:209.16,212.3 2 0
github.com/nomdb/backend/internal/services/google_maps.go:213.2,216.72 3 0
github.com/nomdb/backend/internal/services/google_maps.go:216.72,219.3 2 0
github.com/nomdb/backend/internal/services/google_maps.go:221.2,221.32 1 0
github.com/nomdb/backend/internal/services/google_maps.go:221.32,224.3 2 0
github.com/nomdb/backend/internal/services/google_maps.go:226.2,227.17 2 0
github.com/nomdb/backend/internal/services/google_maps.go:227.17,229.3 1 0
github.com/nomdb/backend/internal/services/google_maps.go:231.2,241.8 2 0
github.com/nomdb/backend/internal/services/imageprocessor.go:32.42,34.2 1 5
github.com/nomdb/backend/internal/services/imageprocessor.go:37.122,40.16 2 3
github.com/nomdb/backend/internal/services/imageprocessor.go:40.16,42.3 1 0
github.com/nomdb/backend/internal/services/imageprocessor.go:44.2,51.16 4 3
github.com/nomdb/backend/internal/services/imageprocessor.go:51.16,53.3 1 0
github.com/nomdb/backend/internal/services/imageprocessor.go:56.2,58.16 3 3
github.com/nomdb/backend/internal/services/imageprocessor.go:58.16,60.3 1 0
github.com/nomdb/backend/internal/services/imageprocessor.go:62.2,64.34 2 3
github.com/nomdb/backend/internal/services/imageprocessor.go:68.93,74.46 4 9
github.com/nomdb/backend/internal/services/imageprocessor.go:74.46,76.3 1 3
github.com/nomdb/backend/internal/services/imageprocessor.go:79.2,83.27 4 6
github.com/nomdb/backend/internal/services/imageprocessor.go:83.27,86.3 2 1
github.com/nomdb/backend/internal/services/imageprocessor.go:88.2,96.12 4 6
github.com/nomdb/backend/internal/services/imageprocessor.go:100.89,103.16 2 7
github.com/nomdb/backend/internal/services/imageprocessor.go:104.21,106.17 2 7
github.com/nomdb/backend/internal/services/imageprocessor.go:106.17,108.4 1 0
github.com/nomdb/backend/internal/services/imageprocessor.go:109.13,113.17 3 0
github.com/nomdb/backend/internal/services/imageprocessor.go:113.17,115.4 1 0
github.com/nomdb/backend/internal/services/imageprocessor.go:116.10,119.17 2 0
github.com/nomdb/backend/internal/services/imageprocessor.go:119.17,121.4 1 0
github.com/nomdb/backend/internal/services/imageprocessor.go:124.2,124.25 1 7
github.com/nomdb/backend/internal/services/imageprocessor.go:128.73,131.47 2 0
github.com/nomdb/backend/internal/services/imageprocessor.go:131.47,133.3 1 0
github.com/nomdb/backend/internal/services/imageprocessor.go:136.2,136.59 1 0
github.com/nomdb/backend/internal/services/imageprocessor.go:136.59,138.3 1 0
github.com/nomdb/backend/internal/services/imageprocessor.go:140.2,140.12 1 0
github.com/nomdb/backend/internal/services/imageprocessor.go:144.51,151.2 5 0
github.com/nomdb/backend/internal/services/s3.go:26.21,34.85 6 0
github.com/nomdb/backend/internal/services/s3.go:34.85,37.3 2 0
github.com/nomdb/backend/internal/services/s3.go:39.2,49.16 3 0
github.com/nomdb/backend/internal/services/s3.go:49.16,52.3 2 0
github.com/nomdb/backend/internal/services/s3.go:54.2,61.12 3 0
github.com/nomdb/backend/internal/services/s3.go:65.32,67.2 1 0
github.com/nomdb/backend/internal/services/s3.go:70.117,80.16 3 0
github.com/nomdb/backend/internal/services/s3.go:80.16,83.3 2 0
github.com/nomdb/backend/internal/services/s3.go:86.2,88.17 3 0
github.com/nomdb/backend/internal/services/s3.go:92.71,99.16 3 0
github.com/nomdb/backend/internal/services/s3.go:99.16,102.3 2 0
github.com/nomdb/backend/internal/services/s3.go:104.2,105.12 2 0
github.com/nomdb/backend/internal/services/s3.go:109.112,115.35 2 0
github.com/nomdb/backend/internal/services/s3.go:115.35,117.3 1 0
github.com/nomdb/backend/internal/services/s3.go:118.2,118.16 1 0
github.com/nomdb/backend/internal/services/s3.go:118.16,120.3 1 0
github.com/nomdb/backend/internal/services/s3.go:122.2,122.25 1 0
github.com/nomdb/backend/internal/services/s3.go:126.28,131.2 1 0
